<?xml version="1.0" encoding="UTF-8"?>
<!-- Generated by org.testng.reporters.JUnitReportReporter -->
<testsuite skipped="0" hostname="pun-salimata-l" name="com.wallethub.facebook.tests.PostAnUpdate" tests="2" failures="0" timestamp="10 Jul 2019 11:16:56 GMT" time="45.000" errors="0">
  <testcase name="login" time="29.393" classname="com.wallethub.facebook.tests.PostAnUpdate"/>
  <testcase name="postAnUpdate" time="15.607" classname="com.wallethub.facebook.tests.PostAnUpdate"/>
</testsuite> <!-- com.wallethub.facebook.tests.PostAnUpdate -->
